iMPACT Version: 14.7

iMPACT log file Started on Wed Jan 31 14:45:12 2018

Welcome to iMPACT
iMPACT Version: 14.7
// *** BATCH CMD : setMode -bs
GUI --- Auto connect to cable...
// *** BATCH CMD : setCable -port auto
INFO:iMPACT - Digilent Plugin: Plugin Version: 2.4.4
INFO:iMPACT - Digilent Plugin: found 1 device(s).
INFO:iMPACT - Digilent Plugin: opening device: "JtagHs1", SN:210205812970
INFO:iMPACT - Digilent Plugin: User Name: JtagHs1
INFO:iMPACT - Digilent Plugin: Product Name: Digilent JTAG-HS1
INFO:iMPACT - Digilent Plugin: Serial Number: 210205812970
INFO:iMPACT - Digilent Plugin: Product ID: 30700150
INFO:iMPACT - Digilent Plugin: Firmware Version: 0108
INFO:iMPACT - Digilent Plugin: JTAG Port Number: 0
INFO:iMPACT - Digilent Plugin: JTAG Clock Frequency: 10000000 Hz
Attempting to identify devices in the boundary-scan chain configuration...
INFO:iMPACT - Current time: 1/31/18 2:45 PM
// *** BATCH CMD : Identify -inferir 
PROGRESS_START - Starting Operation.
Identifying chain contents...'0': : Manufacturer's ID = Xilinx xc6slx150t, Version : 4
INFO:iMPACT:1777 - 
   Reading /opt/Xilinx/14.7/LabTools/LabTools/spartan6/data/xc6slx150t.bsd...
INFO:iMPACT:501 - '1': Added Device xc6slx150t successfully.
----------------------------------------------------------------------
done.
PROGRESS_END - End Operation.
Elapsed time =      0 sec.
// *** BATCH CMD : identifyMPM 
// *** BATCH CMD : assignFile -p 1 -file"/home/testbench2/wrkspc_ck/Bitfiles/scrod_top_A5_KLM_9UMB_151019_csp.bit"
'1': Loading file'/home/testbench2/wrkspc_ck/Bitfiles/scrod_top_A5_KLM_9UMB_151019_csp.bit' ...
done.
WARNING:iMPACT - It appears that the bitstream   '/home/testbench2/wrkspc_ck/Bitfiles/scrod_top_A5_KLM_9UMB_151019_csp.bit'   contains an evalution version of an IPcore,please re-generate the bitfile   with a fully licensed version of the IPcore.
INFO:iMPACT:2257 - Startup Clock has been changed to 'JtagClk' in the bitstream   stored in memory,
   but the original bitstream file remains unchanged.
UserID read from the bitstream file = 0xFFFFFFFF.
Data width read from the bitstream file = 1.
INFO:iMPACT:501 - '1': Added Device xc6slx150t successfully.
----------------------------------------------------------------------
INFO:iMPACT - Current time: 1/31/18 2:45 PM
// *** BATCH CMD : Program -p 1 
Maximum TCK operating frequency for this device chain: 25000000.
Validating chain...
Boundary-scan chain validated successfully.
'1': Programming device...
PROGRESS_START - Starting Operation.
 LCK_cycle = NoWait.
LCK cycle: NoWait
done.
'1': Reading status register contents...
[0] CRC ERROR                                                              :        0
[1] IDCODE ERROR                                                           :        0
[2] DCM LOCK STATUS                                                        :        1
[3] GTS_CFG_B STATUS                                                       :        1
[4] GWE STATUS                                                             :        1
[5] GHIGH STATUS                                                           :        1
[6] DECRYPTION ERROR                                                       :        0
[7] DECRYPTOR ENABLE                                                       :        0
[8] HSWAPEN PIN                                                            :        1
[9] MODE PIN M[0]                                                          :        1
[10] MODE PIN M[1]                                                         :        1
[11] RESERVED                                                              :        0
[12] INIT_B PIN                                                            :        1
[13] DONE PIN                                                              :        1
[14] SUSPEND STATUS                                                        :        0
[15] FALLBACK STATUS                                                       :        0
INFO:iMPACT:2219 - Status register values:
INFO:iMPACT - 0011 1100 1110 1100 
INFO:iMPACT:579 - '1': Completed downloading bit file to device.
INFO:iMPACT:188 - '1': Programming completed successfully.
 LCK_cycle = NoWait.
LCK cycle: NoWait
INFO:iMPACT - '1': Checking done pin....done.
'1': Programmed successfully.
PROGRESS_END - End Operation.
Elapsed time =      3 sec.
INFO:iMPACT - Current time: 2/1/18 2:07 PM
// *** BATCH CMD : Program -p 1 
Maximum TCK operating frequency for this device chain: 25000000.
Validating chain...
Boundary-scan chain validated successfully.
'1': Programming device...
PROGRESS_START - Starting Operation.
 LCK_cycle = NoWait.
LCK cycle: NoWait
done.
'1': Reading status register contents...
[0] CRC ERROR                                                              :        0
[1] IDCODE ERROR                                                           :        0
[2] DCM LOCK STATUS                                                        :        1
[3] GTS_CFG_B STATUS                                                       :        1
[4] GWE STATUS                                                             :        1
[5] GHIGH STATUS                                                           :        1
[6] DECRYPTION ERROR                                                       :        0
[7] DECRYPTOR ENABLE                                                       :        0
[8] HSWAPEN PIN                                                            :        1
[9] MODE PIN M[0]                                                          :        1
[10] MODE PIN M[1]                                                         :        1
[11] RESERVED                                                              :        0
[12] INIT_B PIN                                                            :        1
[13] DONE PIN                                                              :        1
[14] SUSPEND STATUS                                                        :        0
[15] FALLBACK STATUS                                                       :        0
INFO:iMPACT:2219 - Status register values:
INFO:iMPACT - 0011 1100 1110 1100 
INFO:iMPACT:579 - '1': Completed downloading bit file to device.
INFO:iMPACT:188 - '1': Programming completed successfully.
 LCK_cycle = NoWait.
LCK cycle: NoWait
INFO:iMPACT - '1': Checking done pin....done.
'1': Programmed successfully.
PROGRESS_END - End Operation.
Elapsed time =      4 sec.
INFO:iMPACT - Current time: 2/1/18 3:28 PM
// *** BATCH CMD : Program -p 1 
Maximum TCK operating frequency for this device chain: 25000000.
Validating chain...
Boundary-scan chain validated successfully.
'1': Programming device...
PROGRESS_START - Starting Operation.
 LCK_cycle = NoWait.
LCK cycle: NoWait
done.
'1': Reading status register contents...
[0] CRC ERROR                                                              :        0
[1] IDCODE ERROR                                                           :        0
[2] DCM LOCK STATUS                                                        :        1
[3] GTS_CFG_B STATUS                                                       :        1
[4] GWE STATUS                                                             :        1
[5] GHIGH STATUS                                                           :        1
[6] DECRYPTION ERROR                                                       :        0
[7] DECRYPTOR ENABLE                                                       :        0
[8] HSWAPEN PIN                                                            :        1
[9] MODE PIN M[0]                                                          :        1
[10] MODE PIN M[1]                                                         :        1
[11] RESERVED                                                              :        0
[12] INIT_B PIN                                                            :        1
[13] DONE PIN                                                              :        1
[14] SUSPEND STATUS                                                        :        0
[15] FALLBACK STATUS                                                       :        0
INFO:iMPACT:2219 - Status register values:
INFO:iMPACT - 0011 1100 1110 1100 
INFO:iMPACT:579 - '1': Completed downloading bit file to device.
INFO:iMPACT:188 - '1': Programming completed successfully.
 LCK_cycle = NoWait.
LCK cycle: NoWait
INFO:iMPACT - '1': Checking done pin....done.
'1': Programmed successfully.
PROGRESS_END - End Operation.
Elapsed time =      3 sec.
INFO:iMPACT - Current time: 2/5/18 11:56 AM
// *** BATCH CMD : Program -p 1 
Maximum TCK operating frequency for this device chain: 25000000.
Validating chain...
Boundary-scan chain validated successfully.
'1': Programming device...
PROGRESS_START - Starting Operation.
 LCK_cycle = NoWait.
LCK cycle: NoWait
done.
'1': Reading status register contents...
[0] CRC ERROR                                                              :        0
[1] IDCODE ERROR                                                           :        0
[2] DCM LOCK STATUS                                                        :        1
[3] GTS_CFG_B STATUS                                                       :        1
[4] GWE STATUS                                                             :        1
[5] GHIGH STATUS                                                           :        1
[6] DECRYPTION ERROR                                                       :        0
[7] DECRYPTOR ENABLE                                                       :        0
[8] HSWAPEN PIN                                                            :        1
[9] MODE PIN M[0]                                                          :        1
[10] MODE PIN M[1]                                                         :        1
[11] RESERVED                                                              :        0
[12] INIT_B PIN                                                            :        1
[13] DONE PIN                                                              :        1
[14] SUSPEND STATUS                                                        :        0
[15] FALLBACK STATUS                                                       :        0
INFO:iMPACT:2219 - Status register values:
INFO:iMPACT - 0011 1100 1110 1100 
INFO:iMPACT:579 - '1': Completed downloading bit file to device.
INFO:iMPACT:188 - '1': Programming completed successfully.
 LCK_cycle = NoWait.
LCK cycle: NoWait
INFO:iMPACT - '1': Checking done pin....done.
'1': Programmed successfully.
PROGRESS_END - End Operation.
Elapsed time =      4 sec.
INFO:iMPACT - Current time: 2/9/18 11:41 AM
// *** BATCH CMD : Program -p 1 
Maximum TCK operating frequency for this device chain: 25000000.
Validating chain...
Boundary-scan chain validated successfully.
'1': Programming device...
PROGRESS_START - Starting Operation.
 LCK_cycle = NoWait.
LCK cycle: NoWait
done.
'1': Reading status register contents...
[0] CRC ERROR                                                              :        0
[1] IDCODE ERROR                                                           :        0
[2] DCM LOCK STATUS                                                        :        1
[3] GTS_CFG_B STATUS                                                       :        1
[4] GWE STATUS                                                             :        1
[5] GHIGH STATUS                                                           :        1
[6] DECRYPTION ERROR                                                       :        0
[7] DECRYPTOR ENABLE                                                       :        0
[8] HSWAPEN PIN                                                            :        1
[9] MODE PIN M[0]                                                          :        1
[10] MODE PIN M[1]                                                         :        1
[11] RESERVED                                                              :        0
[12] INIT_B PIN                                                            :        1
[13] DONE PIN                                                              :        1
[14] SUSPEND STATUS                                                        :        0
[15] FALLBACK STATUS                                                       :        0
INFO:iMPACT:2219 - Status register values:
INFO:iMPACT - 0011 1100 1110 1100 
INFO:iMPACT:579 - '1': Completed downloading bit file to device.
INFO:iMPACT:188 - '1': Programming completed successfully.
 LCK_cycle = NoWait.
LCK cycle: NoWait
INFO:iMPACT - '1': Checking done pin....done.
'1': Programmed successfully.
PROGRESS_END - End Operation.
Elapsed time =      3 sec.
INFO:iMPACT - Current time: 2/12/18 9:37 AM
// *** BATCH CMD : Program -p 1 
INFO:iMPACT:583 - '1': The idcode read from the device does not match the idcode   in the bsdl File.
INFO:iMPACT:1578 - '1':  Device IDCODE :        00000000000000000000000000000000
INFO:iMPACT:1579 - '1': Expected IDCODE:    00000100000000111101000010010011
PROGRESS_START - Starting Operation.
PROGRESS_END - End Operation.
Elapsed time =      0 sec.
